{"level":"info","message":"Server started on port 3000","timestamp":"2024-11-13T04:55:07.568Z"}
{"level":"info","message":"Server started on port 3000","timestamp":"2024-11-13T08:09:27.842Z"}
{"level":"info","message":"Server started on port 3000","timestamp":"2024-11-13T08:11:27.723Z"}
{"level":"info","message":"Server started on port 3000","timestamp":"2024-11-13T08:18:01.064Z"}
{"level":"info","message":"Server started on port 3000","timestamp":"2024-11-13T08:24:32.082Z"}
{"level":"info","message":"Server started on port 3000","timestamp":"2024-11-14T05:19:46.504Z"}
{"email":"ahadhellotabeeb@gmail.com","level":"info","message":"Starting email send process","requestId":1731566018962,"timestamp":"2024-11-14T06:33:38.963Z"}
{"errorMessage":"Request failed with status code 401","errorResponse":{"code":"unauthorized","message":"Key not found"},"errorStatus":401,"level":"error","message":"Failed to send email","recipient":"ahadhellotabeeb@gmail.com","requestId":1731566018962,"timestamp":"2024-11-14T06:33:39.993Z"}
{"email":"ahadhellotabeeb@gmail.com","level":"info","message":"Starting email send process","requestId":1731566453125,"timestamp":"2024-11-14T06:40:53.125Z"}
{"errorMessage":"Request failed with status code 401","errorResponse":{"code":"unauthorized","message":"Key not found"},"errorStatus":401,"level":"error","message":"Failed to send email","recipient":"ahadhellotabeeb@gmail.com","requestId":1731566453125,"timestamp":"2024-11-14T06:40:54.019Z"}
{"level":"info","message":"Server started on port 3000","timestamp":"2024-11-14T07:25:27.508Z"}
{"email":"ahadhellotabeeb@gmail.com","level":"info","message":"Starting email send process","requestId":1731569149127,"timestamp":"2024-11-14T07:25:49.128Z"}
{"level":"info","message":"Email sent successfully","messageId":"<202411140725.88473536224@smtp-relay.mailin.fr>","recipient":"ahadhellotabeeb@gmail.com","requestId":1731569149127,"timestamp":"2024-11-14T07:25:50.087Z"}
{"email":"ahadhellotabeeb@gmail.com","level":"info","message":"Starting email send process","requestId":1731569438850,"timestamp":"2024-11-14T07:30:38.850Z"}
{"level":"info","message":"Email sent successfully","messageId":"<202411140730.23159720701@smtp-relay.mailin.fr>","recipient":"ahadhellotabeeb@gmail.com","requestId":1731569438850,"timestamp":"2024-11-14T07:30:39.414Z"}
{"level":"info","message":"Server started on port 3000","timestamp":"2024-11-14T07:36:16.479Z"}
{"email":"ahadhellotabeeb@gmail.com","level":"info","message":"Starting email send process","requestId":1731574210233,"timestamp":"2024-11-14T08:50:10.234Z"}
{"level":"info","message":"Email sent successfully","messageId":"<202411140850.73706977096@smtp-relay.mailin.fr>","recipient":"ahadhellotabeeb@gmail.com","requestId":1731574210233,"timestamp":"2024-11-14T08:50:11.755Z"}
{"level":"info","message":"Server started on port 3000","timestamp":"2024-11-14T09:01:56.760Z"}
{"level":"info","message":"Server started on port 3000","timestamp":"2024-11-14T09:12:18.119Z"}
{"email":"ahadhellotabeeb@gmail.com","level":"info","message":"Starting email send process","requestId":1731576616234,"timestamp":"2024-11-14T09:30:16.235Z"}
{"level":"info","message":"Email sent successfully","messageId":"<202411140930.98760134261@smtp-relay.mailin.fr>","recipient":"ahadhellotabeeb@gmail.com","requestId":1731576616234,"timestamp":"2024-11-14T09:30:17.205Z"}
{"email":"ahadhellotabeeb@gmail.com","level":"info","message":"Starting email send process","requestId":1731576833415,"timestamp":"2024-11-14T09:33:53.415Z"}
{"level":"info","message":"Email sent successfully","messageId":"<202411140933.72208136584@smtp-relay.mailin.fr>","recipient":"ahadhellotabeeb@gmail.com","requestId":1731576833415,"timestamp":"2024-11-14T09:33:54.070Z"}
{"level":"info","message":"Server started on port 3000","timestamp":"2024-11-14T09:49:44.722Z"}
{"email":"ahadhellotabeeb@gmail.com","level":"info","message":"Starting email send process","requestId":1731577798333,"timestamp":"2024-11-14T09:49:58.334Z"}
{"level":"info","message":"Email sent successfully","messageId":"<202411140949.66444566125@smtp-relay.mailin.fr>","recipient":"ahadhellotabeeb@gmail.com","requestId":1731577798333,"timestamp":"2024-11-14T09:49:59.306Z"}
{"email":"ahadhellotabeeb@gmail.com","level":"info","message":"Starting email send process","requestId":1731578426297,"timestamp":"2024-11-14T10:00:26.298Z"}
{"level":"info","message":"Email sent successfully","messageId":"<202411141000.37786009256@smtp-relay.mailin.fr>","recipient":"ahadhellotabeeb@gmail.com","requestId":1731578426297,"timestamp":"2024-11-14T10:00:27.116Z"}
{"email":"ahadhellotabeeb@gmail.com","level":"info","message":"Starting email send process","requestId":1731579974462,"timestamp":"2024-11-14T10:26:14.463Z"}
{"level":"info","message":"Email sent successfully","messageId":"<202411141026.74708104506@smtp-relay.mailin.fr>","recipient":"ahadhellotabeeb@gmail.com","requestId":1731579974462,"timestamp":"2024-11-14T10:26:15.739Z"}
{"email":"ahadhellotabeeb@gmail.com","level":"info","message":"Starting email send process","requestId":1731581030473,"timestamp":"2024-11-14T10:43:50.473Z"}
{"level":"info","message":"Email sent successfully","messageId":"<202411141043.18410009639@smtp-relay.mailin.fr>","recipient":"ahadhellotabeeb@gmail.com","requestId":1731581030473,"timestamp":"2024-11-14T10:43:51.368Z"}
{"email":"ahadhellotabeeb@gmail.com","level":"info","message":"Starting email send process","requestId":1731581476504,"timestamp":"2024-11-14T10:51:16.504Z"}
{"errorMessage":"Request failed with status code 401","errorResponse":{"code":"unauthorized","message":"Key not found"},"errorStatus":401,"level":"error","message":"Failed to send email","recipient":"ahadhellotabeeb@gmail.com","requestId":1731581476504,"timestamp":"2024-11-14T10:51:17.386Z"}
{"email":"ahadhellotabeeb@gmail.com","level":"info","message":"Starting email send process","requestId":1731581628460,"timestamp":"2024-11-14T10:53:48.460Z"}
{"errorMessage":"Request failed with status code 401","errorResponse":{"code":"unauthorized","message":"Key not found"},"errorStatus":401,"level":"error","message":"Failed to send email","recipient":"ahadhellotabeeb@gmail.com","requestId":1731581628460,"timestamp":"2024-11-14T10:53:49.040Z"}
{"email":"ahadhellotabeeb@gmail.com","level":"info","message":"Starting email send process","requestId":1731581819249,"timestamp":"2024-11-14T10:56:59.249Z"}
{"errorMessage":"Request failed with status code 401","errorResponse":{"code":"unauthorized","message":"Key not found"},"errorStatus":401,"level":"error","message":"Failed to send email","recipient":"ahadhellotabeeb@gmail.com","requestId":1731581819249,"timestamp":"2024-11-14T10:56:59.997Z"}
{"email":"ahadhellotabeeb@gmail.com","level":"info","message":"Starting email send process","requestId":1731582134993,"timestamp":"2024-11-14T11:02:14.994Z"}
{"errorMessage":"Request failed with status code 401","errorResponse":{"code":"unauthorized","message":"Key not found"},"errorStatus":401,"level":"error","message":"Failed to send email","recipient":"ahadhellotabeeb@gmail.com","requestId":1731582134993,"timestamp":"2024-11-14T11:02:15.785Z"}
{"level":"info","message":"Server started on port 3000","timestamp":"2024-11-14T11:03:02.784Z"}
{"email":"ahadhellotabeeb@gmail.com","level":"info","message":"Starting email send process","requestId":1731582230799,"timestamp":"2024-11-14T11:03:50.800Z"}
{"errorMessage":"Request failed with status code 401","errorResponse":{"code":"unauthorized","message":"Key not found"},"errorStatus":401,"level":"error","message":"Failed to send email","recipient":"ahadhellotabeeb@gmail.com","requestId":1731582230799,"timestamp":"2024-11-14T11:03:51.537Z"}
{"email":"ahadhellotabeeb@gmail.com","level":"info","message":"Starting email send process","requestId":1731583820605,"timestamp":"2024-11-14T11:30:20.605Z"}
{"errorMessage":"Request failed with status code 401","errorResponse":{"code":"unauthorized","message":"Key not found"},"errorStatus":401,"level":"error","message":"Failed to send email","recipient":"ahadhellotabeeb@gmail.com","requestId":1731583820605,"timestamp":"2024-11-14T11:30:21.965Z"}
{"level":"info","message":"Server started on port 3000","timestamp":"2024-11-14T11:34:29.716Z"}
{"email":"ahadhellotabeeb@gmail.com","level":"info","message":"Starting email send process","requestId":1731584116310,"timestamp":"2024-11-14T11:35:16.311Z"}
{"level":"info","message":"Email sent successfully","messageId":"<202411141135.84639723400@smtp-relay.mailin.fr>","recipient":"ahadhellotabeeb@gmail.com","requestId":1731584116310,"timestamp":"2024-11-14T11:35:17.208Z"}
{"email":"ahadhellotabeeb@gmail.com","level":"info","message":"Starting email send process","requestId":1731584245753,"timestamp":"2024-11-14T11:37:25.753Z"}
{"level":"info","message":"Email sent successfully","messageId":"<202411141137.15174196199@smtp-relay.mailin.fr>","recipient":"ahadhellotabeeb@gmail.com","requestId":1731584245753,"timestamp":"2024-11-14T11:37:26.500Z"}
{"level":"info","message":"Server started on port 3000","timestamp":"2024-11-14T16:52:19.372Z"}
{"email":"ahadhellotabeeb@gmail.com","level":"info","message":"Starting email send process","requestId":1731604226064,"timestamp":"2024-11-14T17:10:26.064Z"}
{"errorMessage":"Request failed with status code 401","errorResponse":{"code":"unauthorized","message":"Key not found"},"errorStatus":401,"level":"error","message":"Failed to send email","recipient":"ahadhellotabeeb@gmail.com","requestId":1731604226064,"timestamp":"2024-11-14T17:10:27.163Z"}
{"level":"info","message":"Server started on port 3000","timestamp":"2024-11-14T17:13:10.633Z"}
{"email":"ahadhellotabeeb@gmail.com","level":"info","message":"Starting email send process","requestId":1731604418625,"timestamp":"2024-11-14T17:13:38.626Z"}
{"errorMessage":"Request failed with status code 401","errorResponse":{"code":"unauthorized","message":"Key not found"},"errorStatus":401,"level":"error","message":"Failed to send email","recipient":"ahadhellotabeeb@gmail.com","requestId":1731604418625,"timestamp":"2024-11-14T17:13:39.669Z"}
{"email":"ahadhellotabeeb@gmail.com","level":"info","message":"Starting email send process","requestId":1731605508395,"timestamp":"2024-11-14T17:31:48.395Z"}
{"errorMessage":"Request failed with status code 401","errorResponse":{"code":"unauthorized","message":"Key not found"},"errorStatus":401,"level":"error","message":"Failed to send email","recipient":"ahadhellotabeeb@gmail.com","requestId":1731605508395,"timestamp":"2024-11-14T17:31:49.147Z"}
{"level":"info","message":"Server started on port 3000","timestamp":"2024-11-14T17:32:49.973Z"}
{"email":"ahadhellotabeeb@gmail.com","level":"info","message":"Starting email send process","requestId":1731605583611,"timestamp":"2024-11-14T17:33:03.612Z"}
{"level":"info","message":"Email sent successfully","messageId":"<202411141733.52790787186@smtp-relay.mailin.fr>","recipient":"ahadhellotabeeb@gmail.com","requestId":1731605583611,"timestamp":"2024-11-14T17:33:05.013Z"}
{"level":"info","message":"Server started on port 3000","timestamp":"2024-11-14T17:54:30.678Z"}
{"email":"ahadhellotabeeb@gmail.com","level":"info","message":"Starting email send process","requestId":1731606902318,"timestamp":"2024-11-14T17:55:02.319Z"}
{"level":"info","message":"Email sent successfully","messageId":"<202411141755.82094920421@smtp-relay.mailin.fr>","recipient":"ahadhellotabeeb@gmail.com","requestId":1731606902318,"timestamp":"2024-11-14T17:55:03.179Z"}
{"level":"info","message":"Server started on port 3000","timestamp":"2024-11-14T17:56:10.597Z"}
{"email":"ahadhellotabeeb@gmail.com","level":"info","message":"Starting email send process","requestId":1731606996991,"timestamp":"2024-11-14T17:56:36.992Z"}
{"level":"info","message":"Email sent successfully","messageId":"<202411141756.83398380405@smtp-relay.mailin.fr>","recipient":"ahadhellotabeeb@gmail.com","requestId":1731606996991,"timestamp":"2024-11-14T17:56:38.389Z"}
{"level":"info","message":"Server started on port 3000","timestamp":"2024-11-14T18:10:40.339Z"}
{"email":"ahadhellotabeeb@gmail.com","level":"info","message":"Starting email send process","requestId":1731607868334,"timestamp":"2024-11-14T18:11:08.335Z"}
{"level":"info","message":"Email sent successfully","messageId":"<202411141811.34547554775@smtp-relay.mailin.fr>","recipient":"ahadhellotabeeb@gmail.com","requestId":1731607868334,"timestamp":"2024-11-14T18:11:09.360Z"}
{"level":"info","message":"Server started on port 3000","timestamp":"2024-11-15T04:35:35.175Z"}
{"email":"ahadhellotabeeb@gmail.com","level":"info","message":"Starting email send process","requestId":1731645553948,"timestamp":"2024-11-15T04:39:13.949Z"}
{"error":"Request failed with status code 401","level":"error","message":"Failed to send email","stack":"AxiosError: Request failed with status code 401\n    at settle (C:\\Users\\Ahad\\Documents\\HT\\labtestmailSend\\node_modules\\axios\\dist\\node\\axios.cjs:2019:12)\n    at IncomingMessage.handleStreamEnd (C:\\Users\\Ahad\\Documents\\HT\\labtestmailSend\\node_modules\\axios\\dist\\node\\axios.cjs:3135:11)\n    at IncomingMessage.emit (node:events:531:35)\n    at endReadableNT (node:internal/streams/readable:1696:12)\n    at process.processTicksAndRejections (node:internal/process/task_queues:82:21)\n    at Axios.request (C:\\Users\\Ahad\\Documents\\HT\\labtestmailSend\\node_modules\\axios\\dist\\node\\axios.cjs:4287:41)\n    at process.processTicksAndRejections (node:internal/process/task_queues:95:5)\n    at async C:\\Users\\Ahad\\Documents\\HT\\labtestmailSend\\server.js:80:26","timestamp":"2024-11-15T04:39:15.531Z"}
{"level":"info","message":"Server started on port 3000","timestamp":"2024-11-15T04:40:53.078Z"}
{"email":"ahadhellotabeeb@gmail.com","level":"info","message":"Starting email send process","requestId":1731645673763,"timestamp":"2024-11-15T04:41:13.764Z"}
{"level":"info","message":"Email sent successfully","messageId":"<202411150441.63385766427@smtp-relay.mailin.fr>","recipient":"ahadhellotabeeb@gmail.com","requestId":1731645673763,"timestamp":"2024-11-15T04:41:15.086Z"}
{"level":"info","message":"Server started on port 3000","timestamp":"2024-11-15T04:58:06.361Z"}
{"email":"ahadhellotabeeb@gmail.com","level":"info","message":"Starting email send process","requestId":1731646799904,"timestamp":"2024-11-15T04:59:59.905Z"}
{"level":"info","message":"Email sent successfully","messageId":"<202411150500.42690762144@smtp-relay.mailin.fr>","recipient":"ahadhellotabeeb@gmail.com","requestId":1731646799904,"timestamp":"2024-11-15T05:00:01.029Z"}
{"level":"info","message":"Server started on port 3000","timestamp":"2024-11-15T05:42:33.594Z"}
{"email":"ahadhellotabeeb@gmail.com","level":"info","message":"Starting email send process","requestId":1731649447309,"timestamp":"2024-11-15T05:44:07.310Z"}
{"error":"Request failed with status code 401","level":"error","message":"Failed to send email","stack":"AxiosError: Request failed with status code 401\n    at settle (C:\\Users\\Ahad\\Documents\\HT\\labtestmailSend\\node_modules\\axios\\dist\\node\\axios.cjs:2019:12)\n    at IncomingMessage.handleStreamEnd (C:\\Users\\Ahad\\Documents\\HT\\labtestmailSend\\node_modules\\axios\\dist\\node\\axios.cjs:3135:11)\n    at IncomingMessage.emit (node:events:531:35)\n    at endReadableNT (node:internal/streams/readable:1696:12)\n    at process.processTicksAndRejections (node:internal/process/task_queues:82:21)\n    at Axios.request (C:\\Users\\Ahad\\Documents\\HT\\labtestmailSend\\node_modules\\axios\\dist\\node\\axios.cjs:4287:41)\n    at process.processTicksAndRejections (node:internal/process/task_queues:95:5)\n    at async C:\\Users\\Ahad\\Documents\\HT\\labtestmailSend\\server.js:82:26","timestamp":"2024-11-15T05:44:08.358Z"}
{"level":"info","message":"Server started on port 3000","timestamp":"2024-11-15T05:47:57.852Z"}
{"email":"ahadhellotabeeb@gmail.com","level":"info","message":"Starting email send process","requestId":1731649699034,"timestamp":"2024-11-15T05:48:19.035Z"}
{"level":"info","message":"Email sent successfully","messageId":"<202411150548.93890699301@smtp-relay.mailin.fr>","recipient":"ahadhellotabeeb@gmail.com","requestId":1731649699034,"timestamp":"2024-11-15T05:48:19.922Z"}
{"level":"info","message":"Server started on port 3000","timestamp":"2024-11-15T05:58:59.355Z"}
{"email":"ahadhellotabeeb@gmail.com","level":"info","message":"Starting email send process","requestId":1731650363859,"timestamp":"2024-11-15T05:59:23.859Z"}
{"error":"Request failed with status code 401","level":"error","message":"Failed to send email","stack":"AxiosError: Request failed with status code 401\n    at settle (C:\\Users\\Ahad\\Documents\\HT\\labtestmailSend\\node_modules\\axios\\dist\\node\\axios.cjs:2019:12)\n    at IncomingMessage.handleStreamEnd (C:\\Users\\Ahad\\Documents\\HT\\labtestmailSend\\node_modules\\axios\\dist\\node\\axios.cjs:3135:11)\n    at IncomingMessage.emit (node:events:531:35)\n    at endReadableNT (node:internal/streams/readable:1696:12)\n    at process.processTicksAndRejections (node:internal/process/task_queues:82:21)\n    at Axios.request (C:\\Users\\Ahad\\Documents\\HT\\labtestmailSend\\node_modules\\axios\\dist\\node\\axios.cjs:4287:41)\n    at process.processTicksAndRejections (node:internal/process/task_queues:95:5)\n    at async C:\\Users\\Ahad\\Documents\\HT\\labtestmailSend\\server.js:81:26","timestamp":"2024-11-15T05:59:25.010Z"}
{"email":"ahadhellotabeeb@gmail.com","level":"info","message":"Starting email send process","requestId":1731650438023,"timestamp":"2024-11-15T06:00:38.023Z"}
{"error":"Request failed with status code 401","level":"error","message":"Failed to send email","stack":"AxiosError: Request failed with status code 401\n    at settle (C:\\Users\\Ahad\\Documents\\HT\\labtestmailSend\\node_modules\\axios\\dist\\node\\axios.cjs:2019:12)\n    at IncomingMessage.handleStreamEnd (C:\\Users\\Ahad\\Documents\\HT\\labtestmailSend\\node_modules\\axios\\dist\\node\\axios.cjs:3135:11)\n    at IncomingMessage.emit (node:events:531:35)\n    at endReadableNT (node:internal/streams/readable:1696:12)\n    at process.processTicksAndRejections (node:internal/process/task_queues:82:21)\n    at Axios.request (C:\\Users\\Ahad\\Documents\\HT\\labtestmailSend\\node_modules\\axios\\dist\\node\\axios.cjs:4287:41)\n    at process.processTicksAndRejections (node:internal/process/task_queues:95:5)\n    at async C:\\Users\\Ahad\\Documents\\HT\\labtestmailSend\\server.js:81:26","timestamp":"2024-11-15T06:00:38.867Z"}
{"email":"ahadhellotabeeb@gmail.com","level":"info","message":"Starting email send process","requestId":1731650598055,"timestamp":"2024-11-15T06:03:18.056Z"}
{"error":"Request failed with status code 401","level":"error","message":"Failed to send email","stack":"AxiosError: Request failed with status code 401\n    at settle (C:\\Users\\Ahad\\Documents\\HT\\labtestmailSend\\node_modules\\axios\\dist\\node\\axios.cjs:2019:12)\n    at IncomingMessage.handleStreamEnd (C:\\Users\\Ahad\\Documents\\HT\\labtestmailSend\\node_modules\\axios\\dist\\node\\axios.cjs:3135:11)\n    at IncomingMessage.emit (node:events:531:35)\n    at endReadableNT (node:internal/streams/readable:1696:12)\n    at process.processTicksAndRejections (node:internal/process/task_queues:82:21)\n    at Axios.request (C:\\Users\\Ahad\\Documents\\HT\\labtestmailSend\\node_modules\\axios\\dist\\node\\axios.cjs:4287:41)\n    at process.processTicksAndRejections (node:internal/process/task_queues:95:5)\n    at async C:\\Users\\Ahad\\Documents\\HT\\labtestmailSend\\server.js:81:26","timestamp":"2024-11-15T06:03:19.345Z"}
{"level":"info","message":"Server started on port 3000","timestamp":"2024-11-15T06:03:43.917Z"}
{"email":"ahadhellotabeeb@gmail.com","level":"info","message":"Starting email send process","requestId":1731650636016,"timestamp":"2024-11-15T06:03:56.017Z"}
{"level":"info","message":"Email sent successfully","messageId":"<202411150603.65826738793@smtp-relay.mailin.fr>","recipient":"ahadhellotabeeb@gmail.com","requestId":1731650636016,"timestamp":"2024-11-15T06:03:57.455Z"}
